<?xml version="1.0" encoding="UTF-8"?>
<testng-results skipped="0" failed="0" ignored="0" total="2" passed="2">
  <reporter-output>
  </reporter-output>
  <suite name="Default suite" duration-ms="10504" started-at="2021-08-21T10:05:59Z" finished-at="2021-08-21T10:06:09Z">
    <groups>
    </groups>
    <test name="Default test" duration-ms="10504" started-at="2021-08-21T10:05:59Z" finished-at="2021-08-21T10:06:09Z">
      <class name="com.bdd.utilities.TestExtenReport">
        <test-method status="PASS" signature="createreport()[pri:0, instance:com.bdd.utilities.TestExtenReport@42d80b78]" name="createreport" is-config="true" duration-ms="231" started-at="2021-08-21T10:05:59Z" finished-at="2021-08-21T10:05:59Z">
          <reporter-output>
          </reporter-output>
        </test-method> <!-- createreport -->
        <test-method status="PASS" signature="extentTest()[pri:0, instance:com.bdd.utilities.TestExtenReport@42d80b78]" name="extentTest" duration-ms="9057" started-at="2021-08-21T10:05:59Z" finished-at="2021-08-21T10:06:08Z">
          <reporter-output>
          </reporter-output>
        </test-method> <!-- extentTest -->
        <test-method status="PASS" signature="end()[pri:0, instance:com.bdd.utilities.TestExtenReport@42d80b78]" name="end" is-config="true" duration-ms="1070" started-at="2021-08-21T10:06:08Z" finished-at="2021-08-21T10:06:09Z">
          <reporter-output>
          </reporter-output>
        </test-method> <!-- end -->
        <test-method status="PASS" signature="newTest()[pri:0, instance:com.bdd.utilities.TestExtenReport@42d80b78]" name="newTest" duration-ms="2" started-at="2021-08-21T10:06:09Z" finished-at="2021-08-21T10:06:09Z">
          <reporter-output>
          </reporter-output>
        </test-method> <!-- newTest -->
        <test-method status="PASS" signature="end()[pri:0, instance:com.bdd.utilities.TestExtenReport@42d80b78]" name="end" is-config="true" duration-ms="106" started-at="2021-08-21T10:06:09Z" finished-at="2021-08-21T10:06:09Z">
          <reporter-output>
          </reporter-output>
        </test-method> <!-- end -->
      </class> <!-- com.bdd.utilities.TestExtenReport -->
    </test> <!-- Default test -->
  </suite> <!-- Default suite -->
</testng-results>
